<?xml version="1.0" encoding="UTF-8"?>
<testng-results skipped="0" failed="1" total="4" passed="3">
  <reporter-output>
  </reporter-output>
  <suite name="com.intuit.karate.testng.KarateTestngTest" duration-ms="7294" started-at="2017-09-05T15:44:04Z" finished-at="2017-09-05T15:44:11Z">
    <groups>
      <group name="cucumber">
        <method signature="KarateRunner.feature(cucumber.api.testng.CucumberFeatureWrapper)[pri:0, instance:com.intuit.karate.testng.KarateTestngTest@73f792cf]" name="feature" class="com.intuit.karate.testng.KarateRunner"/>
      </group> <!-- cucumber -->
    </groups>
    <test name="Command line test" duration-ms="7294" started-at="2017-09-05T15:44:04Z" finished-at="2017-09-05T15:44:11Z">
      <class name="com.intuit.karate.testng.KarateTestngTest">
        <test-method status="PASS" signature="setUpClass()[pri:0, instance:com.intuit.karate.testng.KarateTestngTest@73f792cf]" name="setUpClass" is-config="true" duration-ms="755" started-at="2017-09-06T01:44:04Z" finished-at="2017-09-06T01:44:04Z">
          <reporter-output>
          </reporter-output>
        </test-method> <!-- setUpClass -->
        <test-method status="PASS" signature="feature(cucumber.api.testng.CucumberFeatureWrapper)[pri:0, instance:com.intuit.karate.testng.KarateTestngTest@73f792cf]" name="feature" duration-ms="2055" started-at="2017-09-06T01:44:04Z" description="Runs Cucumber Feature" data-provider="features" finished-at="2017-09-06T01:44:06Z">
          <params>
            <param index="0">
              <value>
                <![CDATA[first]]>
              </value>
            </param>
          </params>
          <reporter-output>
          </reporter-output>
        </test-method> <!-- feature -->
        <test-method status="PASS" signature="feature(cucumber.api.testng.CucumberFeatureWrapper)[pri:0, instance:com.intuit.karate.testng.KarateTestngTest@73f792cf]" name="feature" duration-ms="158" started-at="2017-09-06T01:44:06Z" description="Runs Cucumber Feature" data-provider="features" finished-at="2017-09-06T01:44:07Z">
          <params>
            <param index="0">
              <value>
                <![CDATA[second]]>
              </value>
            </param>
          </params>
          <reporter-output>
          </reporter-output>
        </test-method> <!-- feature -->
        <test-method status="PASS" signature="feature(cucumber.api.testng.CucumberFeatureWrapper)[pri:0, instance:com.intuit.karate.testng.KarateTestngTest@73f792cf]" name="feature" duration-ms="489" started-at="2017-09-06T01:44:07Z" description="Runs Cucumber Feature" data-provider="features" finished-at="2017-09-06T01:44:07Z">
          <params>
            <param index="0">
              <value>
                <![CDATA[]]>
              </value>
            </param>
          </params>
          <reporter-output>
          </reporter-output>
        </test-method> <!-- feature -->
        <test-method status="FAIL" signature="testParallel()[pri:0, instance:com.intuit.karate.testng.KarateTestngTest@73f792cf]" name="testParallel" duration-ms="3754" started-at="2017-09-06T01:44:07Z" finished-at="2017-09-06T01:44:11Z">
          <exception class="java.lang.AssertionError">
            <message>
              <![CDATA[expected [true] but found [there are scenario failures]]]>
            </message>
            <full-stacktrace>
              <![CDATA[java.lang.AssertionError: expected [true] but found [there are scenario failures]
	at org.testng.Assert.fail(Assert.java:94)
	at org.testng.Assert.failNotEquals(Assert.java:513)
	at org.testng.Assert.assertEqualsImpl(Assert.java:135)
	at org.testng.Assert.assertEquals(Assert.java:116)
	at org.testng.Assert.assertEquals(Assert.java:179)
	at com.intuit.karate.testng.KarateRunner.testParallel(KarateRunner.java:71)
	at sun.reflect.NativeMethodAccessorImpl.invoke0(Native Method)
	at sun.reflect.NativeMethodAccessorImpl.invoke(NativeMethodAccessorImpl.java:62)
	at sun.reflect.DelegatingMethodAccessorImpl.invoke(DelegatingMethodAccessorImpl.java:43)
	at java.lang.reflect.Method.invoke(Method.java:498)
	at org.testng.internal.MethodInvocationHelper.invokeMethod(MethodInvocationHelper.java:86)
	at org.testng.internal.Invoker.invokeMethod(Invoker.java:643)
	at org.testng.internal.Invoker.invokeTestMethod(Invoker.java:820)
	at org.testng.internal.Invoker.invokeTestMethods(Invoker.java:1128)
	at org.testng.internal.TestMethodWorker.invokeTestMethods(TestMethodWorker.java:129)
	at org.testng.internal.TestMethodWorker.run(TestMethodWorker.java:112)
	at org.testng.TestRunner.privateRun(TestRunner.java:782)
	at org.testng.TestRunner.run(TestRunner.java:632)
	at org.testng.SuiteRunner.runTest(SuiteRunner.java:366)
	at org.testng.SuiteRunner.runSequentially(SuiteRunner.java:361)
	at org.testng.SuiteRunner.privateRun(SuiteRunner.java:319)
	at org.testng.SuiteRunner.run(SuiteRunner.java:268)
	at org.testng.SuiteRunnerWorker.runSuite(SuiteRunnerWorker.java:52)
	at org.testng.SuiteRunnerWorker.run(SuiteRunnerWorker.java:86)
	at org.testng.TestNG.runSuitesSequentially(TestNG.java:1244)
	at org.testng.TestNG.runSuitesLocally(TestNG.java:1169)
	at org.testng.TestNG.run(TestNG.java:1064)
	at org.apache.maven.surefire.testng.TestNGExecutor.run(TestNGExecutor.java:70)
	at org.apache.maven.surefire.testng.TestNGDirectoryTestSuite.execute(TestNGDirectoryTestSuite.java:109)
	at org.apache.maven.surefire.testng.TestNGProvider.invoke(TestNGProvider.java:111)
	at sun.reflect.NativeMethodAccessorImpl.invoke0(Native Method)
	at sun.reflect.NativeMethodAccessorImpl.invoke(NativeMethodAccessorImpl.java:62)
	at sun.reflect.DelegatingMethodAccessorImpl.invoke(DelegatingMethodAccessorImpl.java:43)
	at java.lang.reflect.Method.invoke(Method.java:498)
	at org.apache.maven.surefire.util.ReflectionUtils.invokeMethodWithArray(ReflectionUtils.java:164)
	at org.apache.maven.surefire.booter.ProviderFactory$ProviderProxy.invoke(ProviderFactory.java:110)
	at org.apache.maven.surefire.booter.SurefireStarter.invokeProvider(SurefireStarter.java:175)
	at org.apache.maven.surefire.booter.SurefireStarter.runSuitesInProcessWhenForked(SurefireStarter.java:107)
	at org.apache.maven.surefire.booter.ForkedBooter.main(ForkedBooter.java:68)
]]>
            </full-stacktrace>
          </exception> <!-- java.lang.AssertionError -->
          <reporter-output>
          </reporter-output>
        </test-method> <!-- testParallel -->
        <test-method status="PASS" signature="tearDownClass()[pri:0, instance:com.intuit.karate.testng.KarateTestngTest@73f792cf]" name="tearDownClass" is-config="true" duration-ms="24" started-at="2017-09-06T01:44:11Z" finished-at="2017-09-06T01:44:11Z">
          <reporter-output>
          </reporter-output>
        </test-method> <!-- tearDownClass -->
      </class> <!-- com.intuit.karate.testng.KarateTestngTest -->
    </test> <!-- Command line test -->
  </suite> <!-- com.intuit.karate.testng.KarateTestngTest -->
</testng-results>
