<?xml version="1.0" encoding="UTF-8" ?>
<testsuite tests="4" failures="1" name="com.intuit.karate.testng.KarateTestngTest" time="9.14" errors="0" skipped="0">
  <properties>
[...]
</properties>
  <testcase classname="com.intuit.karate.testng.KarateTestngTest" name="feature" time="2.054"/>
  <testcase classname="com.intuit.karate.testng.KarateTestngTest" name="feature" time="0.144"/>
  <testcase classname="com.intuit.karate.testng.KarateTestngTest" name="feature" time="0.497"/>
  <testcase classname="com.intuit.karate.testng.KarateTestngTest" name="testParallel" time="3.77">
    <failure message="expected [true] but found [there are scenario failures]" type="java.lang.AssertionError">java.lang.AssertionError: expected [true] but found [there are scenario failures]
	at org.testng.Assert.fail(Assert.java:94)
	at org.testng.Assert.failNotEquals(Assert.java:513)
	at org.testng.Assert.assertEqualsImpl(Assert.java:135)
	at org.testng.Assert.assertEquals(Assert.java:116)
	at org.testng.Assert.assertEquals(Assert.java:179)
	at com.intuit.karate.testng.KarateRunner.testParallel(KarateRunner.java:71)
	at sun.reflect.NativeMethodAccessorImpl.invoke0(Native Method)
	at sun.reflect.NativeMethodAccessorImpl.invoke(NativeMethodAccessorImpl.java:62)
	at sun.reflect.DelegatingMethodAccessorImpl.invoke(DelegatingMethodAccessorImpl.java:43)
	at java.lang.reflect.Method.invoke(Method.java:498)
	at org.testng.internal.MethodInvocationHelper.invokeMethod(MethodInvocationHelper.java:86)
	at org.testng.internal.Invoker.invokeMethod(Invoker.java:643)
	at org.testng.internal.Invoker.invokeTestMethod(Invoker.java:820)
	at org.testng.internal.Invoker.invokeTestMethods(Invoker.java:1128)
	at org.testng.internal.TestMethodWorker.invokeTestMethods(TestMethodWorker.java:129)
	at org.testng.internal.TestMethodWorker.run(TestMethodWorker.java:112)
	at org.testng.TestRunner.privateRun(TestRunner.java:782)
	at org.testng.TestRunner.run(TestRunner.java:632)
	at org.testng.SuiteRunner.runTest(SuiteRunner.java:366)
	at org.testng.SuiteRunner.runSequentially(SuiteRunner.java:361)
	at org.testng.SuiteRunner.privateRun(SuiteRunner.java:319)
	at org.testng.SuiteRunner.run(SuiteRunner.java:268)
	at org.testng.SuiteRunnerWorker.runSuite(SuiteRunnerWorker.java:52)
	at org.testng.SuiteRunnerWorker.run(SuiteRunnerWorker.java:86)
	at org.testng.TestNG.runSuitesSequentially(TestNG.java:1244)
	at org.testng.TestNG.runSuitesLocally(TestNG.java:1169)
	at org.testng.TestNG.run(TestNG.java:1064)
	at org.apache.maven.surefire.testng.TestNGExecutor.run(TestNGExecutor.java:70)
	at org.apache.maven.surefire.testng.TestNGDirectoryTestSuite.execute(TestNGDirectoryTestSuite.java:109)
	at org.apache.maven.surefire.testng.TestNGProvider.invoke(TestNGProvider.java:111)
	at sun.reflect.NativeMethodAccessorImpl.invoke0(Native Method)
	at sun.reflect.NativeMethodAccessorImpl.invoke(NativeMethodAccessorImpl.java:62)
	at sun.reflect.DelegatingMethodAccessorImpl.invoke(DelegatingMethodAccessorImpl.java:43)
	at java.lang.reflect.Method.invoke(Method.java:498)
	at org.apache.maven.surefire.util.ReflectionUtils.invokeMethodWithArray(ReflectionUtils.java:164)
	at org.apache.maven.surefire.booter.ProviderFactory$ProviderProxy.invoke(ProviderFactory.java:110)
	at org.apache.maven.surefire.booter.SurefireStarter.invokeProvider(SurefireStarter.java:175)
	at org.apache.maven.surefire.booter.SurefireStarter.runSuitesInProcessWhenForked(SurefireStarter.java:107)
	at org.apache.maven.surefire.booter.ForkedBooter.main(ForkedBooter.java:68)
</failure>
    <system-out>01:44:07.521 [main] DEBUG c.i.karate.cucumber.CucumberRunner - init test class: class com.intuit.karate.testng.KarateTestngTest
01:44:07.552 [pool-1-thread-2] DEBUG c.i.k.cucumber.KarateJunitFormatter - &gt;&gt; target\surefire-reports\TEST-com.intuit.karate.testng.cukeoptions.second.xml
01:44:07.552 [pool-1-thread-1] DEBUG c.i.k.cucumber.KarateJunitFormatter - &gt;&gt; target\surefire-reports\TEST-com.intuit.karate.testng.cukeoptions.first.xml
01:44:07.552 [pool-1-thread-3] DEBUG c.i.k.cucumber.KarateJunitFormatter - &gt;&gt; target\surefire-reports\TEST-com.intuit.karate.testng.smoke.smoke.xml
01:44:07.582 [pool-1-thread-2] INFO  c.i.karate.cucumber.CucumberRunner - &gt;&gt;&gt;&gt; feature 2 of 3 on thread pool-1-thread-2: com/intuit/karate/testng/cukeoptions/second.feature
01:44:07.582 [pool-1-thread-3] INFO  c.i.karate.cucumber.CucumberRunner - &gt;&gt;&gt;&gt; feature 3 of 3 on thread pool-1-thread-3: com/intuit/karate/testng/smoke/smoke.feature
01:44:07.582 [pool-1-thread-1] INFO  c.i.karate.cucumber.CucumberRunner - &gt;&gt;&gt;&gt; feature 1 of 3 on thread pool-1-thread-1: com/intuit/karate/testng/cukeoptions/first.feature
01:44:07.586 [pool-1-thread-2] DEBUG c.i.karate.cucumber.CucumberRunner - loading feature: /C:/Research/karate-master/karate-testng/target/test-classes/com/intuit/karate/testng/cukeoptions/second.feature
01:44:07.586 [pool-1-thread-3] DEBUG c.i.karate.cucumber.CucumberRunner - loading feature: /C:/Research/karate-master/karate-testng/target/test-classes/com/intuit/karate/testng/smoke/smoke.feature
01:44:07.588 [pool-1-thread-1] DEBUG c.i.karate.cucumber.CucumberRunner - loading feature: /C:/Research/karate-master/karate-testng/target/test-classes/com/intuit/karate/testng/cukeoptions/first.feature
01:44:07.964 [pool-1-thread-2] INFO  c.i.karate.cucumber.CucumberRunner - &lt;&lt;&lt;&lt; feature 2 of 3 on thread pool-1-thread-2: com/intuit/karate/testng/cukeoptions/second.feature
01:44:07.964 [pool-1-thread-1] INFO  c.i.karate.cucumber.CucumberRunner - &lt;&lt;&lt;&lt; feature 1 of 3 on thread pool-1-thread-1: com/intuit/karate/testng/cukeoptions/first.feature
---------------------------------------------------------
feature: com.intuit.karate.testng.cukeoptions.first
report: target\surefire-reports\TEST-com.intuit.karate.testng.cukeoptions.first.xml
---------------------------------------------------------
feature: com.intuit.karate.testng.cukeoptions.second
report: target\surefire-reports\TEST-com.intuit.karate.testng.cukeoptions.second.xml
scenarios:  1 | failed:  0 | skipped:  0 | time: 0.353564
---------------------------------------------------------
scenarios:  1 | failed:  0 | skipped:  0 | time: 0.348627
---------------------------------------------------------
01:44:08.057 [pool-1-thread-3] DEBUG com.intuit.karate - loaded file from: C:\Research\karate-master\karate-testng\target\test-classes\com\intuit\karate\testng\smoke\demo-json.json - demo-json.json: java.io.FileInputStream@3aacf9cc
01:44:08.123 [pool-1-thread-3] DEBUG com.intuit.karate - loaded file from: C:\Research\karate-master\karate-testng\target\test-classes\com\intuit\karate\testng\smoke\demo-text.txt - demo-text.txt: java.io.FileInputStream@401f9d62
01:44:08.197 [pool-1-thread-3] INFO  c.i.karate.cucumber.CucumberRunner - &lt;&lt;&lt;&lt; feature 3 of 3 on thread pool-1-thread-3: com/intuit/karate/testng/smoke/smoke.feature
---------------------------------------------------------
feature: com.intuit.karate.testng.smoke.smoke
report: target\surefire-reports\TEST-com.intuit.karate.testng.smoke.smoke.xml
scenarios:  1 | failed:  0 | skipped:  0 | time: 0.544635
---------------------------------------------------------
=========================================================
elapsed time: 0.687000 | test time: 1.246826
thread count:  5 | parallel efficiency: 0.362977
scenarios:   3 | failed:   0 | skipped:   0
=========================================================
</system-out>
    <system-err>ERROR StatusLogger No log4j2 configuration file found. Using default configuration: logging only errors to the console. Set system property &apos;org.apache.logging.log4j.simplelog.StatusLogger.level&apos; to TRACE to show Log4j2 internal initialization logging.
</system-err>
  </testcase>
</testsuite>